build/app/intermediates/manifest_merge_blame_file/release/processReleaseMainManifest/manifest-merger-blame-release-report.txt
1<?xml version="1.0" encoding="utf-8"?>
2<manifest xmlns:android="http://schemas.android.com/apk/res/android"
3    package="com.example.animal_rescue_app_new"
4    android:versionCode="1"
5    android:versionName="1.0.0" >
6
7    <uses-sdk
8        android:minSdkVersion="24"
9        android:targetSdkVersion="34" />
10    <!-- Permissions for location, audio recording, and camera -->
11    <uses-permission android:name="android.permission.ACCESS_FINE_LOCATION" />
11-->src\main\AndroidManifest.xml:3:5-78
11-->src\main\AndroidManifest.xml:3:22-76
12    <uses-permission android:name="android.permission.ACCESS_COARSE_LOCATION" />
12-->src\main\AndroidManifest.xml:4:5-80
12-->src\main\AndroidManifest.xml:4:22-78
13    <uses-permission android:name="android.permission.RECORD_AUDIO" />
13-->src\main\AndroidManifest.xml:5:5-70
13-->src\main\AndroidManifest.xml:5:22-68
14    <uses-permission android:name="android.permission.CAMERA" />
14-->src\main\AndroidManifest.xml:6:5-64
14-->src\main\AndroidManifest.xml:6:22-62
15    <uses-permission android:name="android.permission.INTERNET" />
15-->src\main\AndroidManifest.xml:7:5-66
15-->src\main\AndroidManifest.xml:7:22-64
16
17    <!-- Queries for text processing -->
18    <queries>
18-->src\main\AndroidManifest.xml:43:5-48:15
19        <intent>
19-->src\main\AndroidManifest.xml:44:9-47:18
20            <action android:name="android.intent.action.PROCESS_TEXT" />
20-->src\main\AndroidManifest.xml:45:13-72
20-->src\main\AndroidManifest.xml:45:21-70
21
22            <data android:mimeType="text/plain" />
22-->src\main\AndroidManifest.xml:46:13-50
22-->src\main\AndroidManifest.xml:46:19-48
23        </intent>
24        <intent>
24-->[androidx.media:media:1.4.1] AndroidManifest.xml:25:9-27:18
25            <action android:name="android.media.browse.MediaBrowserService" />
25-->[androidx.media:media:1.4.1] AndroidManifest.xml:26:13-79
25-->[androidx.media:media:1.4.1] AndroidManifest.xml:26:21-76
26        </intent>
27    </queries>
28
29    <uses-permission android:name="android.permission.BLUETOOTH" />
29-->[com.github.canardoux:flutter_sound_core:9.26.0] AndroidManifest.xml:7:5-68
29-->[com.github.canardoux:flutter_sound_core:9.26.0] AndroidManifest.xml:7:22-65
30    <uses-permission android:name="android.permission.WAKE_LOCK" />
30-->[com.github.canardoux:flutter_sound_core:9.26.0] AndroidManifest.xml:8:5-68
30-->[com.github.canardoux:flutter_sound_core:9.26.0] AndroidManifest.xml:8:22-65
31    <uses-permission android:name="android.permission.MODIFY_AUDIO_SETTINGS" />
31-->[com.github.canardoux:flutter_sound_core:9.26.0] AndroidManifest.xml:9:5-80
31-->[com.github.canardoux:flutter_sound_core:9.26.0] AndroidManifest.xml:9:22-77
32    <uses-permission android:name="Manifest.permission.CAPTURE_AUDIO_OUTPUT" /> <!-- Although the *SdkVersion is captured in gradle build files, this is required for non gradle builds -->
32-->[com.github.canardoux:flutter_sound_core:9.26.0] AndroidManifest.xml:11:5-80
32-->[com.github.canardoux:flutter_sound_core:9.26.0] AndroidManifest.xml:11:22-77
33    <!-- <uses-sdk android:minSdkVersion="21" /> -->
34    <uses-permission android:name="android.permission.ACCESS_NETWORK_STATE" />
34-->[com.google.firebase:firebase-firestore:25.1.2] AndroidManifest.xml:10:5-79
34-->[com.google.firebase:firebase-firestore:25.1.2] AndroidManifest.xml:10:22-76
35
36    <permission
36-->[androidx.core:core:1.13.1] AndroidManifest.xml:22:5-24:47
37        android:name="com.example.animal_rescue_app_new.DYNAMIC_RECEIVER_NOT_EXPORTED_PERMISSION"
37-->[androidx.core:core:1.13.1] AndroidManifest.xml:23:9-81
38        android:protectionLevel="signature" />
38-->[androidx.core:core:1.13.1] AndroidManifest.xml:24:9-44
39
40    <uses-permission android:name="com.example.animal_rescue_app_new.DYNAMIC_RECEIVER_NOT_EXPORTED_PERMISSION" />
40-->[androidx.core:core:1.13.1] AndroidManifest.xml:26:5-97
40-->[androidx.core:core:1.13.1] AndroidManifest.xml:26:22-94
41
42    <application
43        android:name="android.app.Application"
43-->src\main\AndroidManifest.xml:12:9-42
44        android:appComponentFactory="androidx.core.app.CoreComponentFactory"
44-->[androidx.core:core:1.13.1] AndroidManifest.xml:28:18-86
45        android:extractNativeLibs="false"
46        android:icon="@mipmap/ic_launcher"
46-->src\main\AndroidManifest.xml:13:9-43
47        android:label="Paw Saviour" >
47-->src\main\AndroidManifest.xml:11:9-36
48        <activity
48-->src\main\AndroidManifest.xml:15:9-34:20
49            android:name="com.example.animal_rescue_app_new.MainActivity"
49-->src\main\AndroidManifest.xml:16:13-41
50            android:configChanges="orientation|keyboardHidden|keyboard|screenSize|smallestScreenSize|locale|layoutDirection|fontScale|screenLayout|density|uiMode"
50-->src\main\AndroidManifest.xml:21:13-163
51            android:exported="true"
51-->src\main\AndroidManifest.xml:17:13-36
52            android:hardwareAccelerated="true"
52-->src\main\AndroidManifest.xml:22:13-47
53            android:launchMode="singleTop"
53-->src\main\AndroidManifest.xml:18:13-43
54            android:taskAffinity=""
54-->src\main\AndroidManifest.xml:19:13-36
55            android:theme="@style/LaunchTheme"
55-->src\main\AndroidManifest.xml:20:13-47
56            android:windowSoftInputMode="adjustResize" >
56-->src\main\AndroidManifest.xml:23:13-55
57            <meta-data
57-->src\main\AndroidManifest.xml:25:13-28:15
58                android:name="io.flutter.embedding.android.NormalTheme"
58-->src\main\AndroidManifest.xml:26:17-72
59                android:resource="@style/NormalTheme" />
59-->src\main\AndroidManifest.xml:27:17-54
60
61            <intent-filter>
61-->src\main\AndroidManifest.xml:30:13-33:29
62                <action android:name="android.intent.action.MAIN" />
62-->src\main\AndroidManifest.xml:31:17-68
62-->src\main\AndroidManifest.xml:31:25-66
63
64                <category android:name="android.intent.category.LAUNCHER" />
64-->src\main\AndroidManifest.xml:32:17-76
64-->src\main\AndroidManifest.xml:32:27-74
65            </intent-filter>
66        </activity>
67
68        <!-- Flutter Plugin Registration -->
69        <meta-data
69-->src\main\AndroidManifest.xml:37:9-39:33
70            android:name="flutterEmbedding"
70-->src\main\AndroidManifest.xml:38:13-44
71            android:value="2" />
71-->src\main\AndroidManifest.xml:39:13-30
72
73        <service
73-->[:geolocator_android] AndroidManifest.xml:8:9-12:56
74            android:name="com.baseflow.geolocator.GeolocatorLocationService"
74-->[:geolocator_android] AndroidManifest.xml:9:13-77
75            android:enabled="true"
75-->[:geolocator_android] AndroidManifest.xml:10:13-35
76            android:exported="false"
76-->[:geolocator_android] AndroidManifest.xml:11:13-37
77            android:foregroundServiceType="location" />
77-->[:geolocator_android] AndroidManifest.xml:12:13-53
78        <service
78-->[:cloud_firestore] AndroidManifest.xml:8:9-12:19
79            android:name="com.google.firebase.components.ComponentDiscoveryService"
79-->[:cloud_firestore] AndroidManifest.xml:8:18-89
80            android:directBootAware="true"
80-->[com.google.firebase:firebase-common:21.0.0] AndroidManifest.xml:32:13-43
81            android:exported="false" >
81-->[com.google.firebase:firebase-firestore:25.1.2] AndroidManifest.xml:16:13-37
82            <meta-data
82-->[:cloud_firestore] AndroidManifest.xml:9:13-11:85
83                android:name="com.google.firebase.components:io.flutter.plugins.firebase.firestore.FlutterFirebaseFirestoreRegistrar"
83-->[:cloud_firestore] AndroidManifest.xml:10:17-134
84                android:value="com.google.firebase.components.ComponentRegistrar" />
84-->[:cloud_firestore] AndroidManifest.xml:11:17-82
85            <meta-data
85-->[:firebase_storage] AndroidManifest.xml:9:13-11:85
86                android:name="com.google.firebase.components:io.flutter.plugins.firebase.storage.FlutterFirebaseAppRegistrar"
86-->[:firebase_storage] AndroidManifest.xml:10:17-126
87                android:value="com.google.firebase.components.ComponentRegistrar" />
87-->[:firebase_storage] AndroidManifest.xml:11:17-82
88            <meta-data
88-->[:firebase_core] AndroidManifest.xml:9:13-11:85
89                android:name="com.google.firebase.components:io.flutter.plugins.firebase.core.FlutterFirebaseCoreRegistrar"
89-->[:firebase_core] AndroidManifest.xml:10:17-124
90                android:value="com.google.firebase.components.ComponentRegistrar" />
90-->[:firebase_core] AndroidManifest.xml:11:17-82
91            <meta-data
91-->[com.google.firebase:firebase-firestore:25.1.2] AndroidManifest.xml:17:13-19:85
92                android:name="com.google.firebase.components:com.google.firebase.firestore.FirebaseFirestoreKtxRegistrar"
92-->[com.google.firebase:firebase-firestore:25.1.2] AndroidManifest.xml:18:17-122
93                android:value="com.google.firebase.components.ComponentRegistrar" />
93-->[com.google.firebase:firebase-firestore:25.1.2] AndroidManifest.xml:19:17-82
94            <meta-data
94-->[com.google.firebase:firebase-firestore:25.1.2] AndroidManifest.xml:20:13-22:85
95                android:name="com.google.firebase.components:com.google.firebase.firestore.FirestoreRegistrar"
95-->[com.google.firebase:firebase-firestore:25.1.2] AndroidManifest.xml:21:17-111
96                android:value="com.google.firebase.components.ComponentRegistrar" />
96-->[com.google.firebase:firebase-firestore:25.1.2] AndroidManifest.xml:22:17-82
97            <meta-data
97-->[com.google.firebase:firebase-storage:21.0.1] AndroidManifest.xml:30:13-32:85
98                android:name="com.google.firebase.components:com.google.firebase.storage.FirebaseStorageKtxRegistrar"
98-->[com.google.firebase:firebase-storage:21.0.1] AndroidManifest.xml:31:17-118
99                android:value="com.google.firebase.components.ComponentRegistrar" />
99-->[com.google.firebase:firebase-storage:21.0.1] AndroidManifest.xml:32:17-82
100            <meta-data
100-->[com.google.firebase:firebase-storage:21.0.1] AndroidManifest.xml:33:13-35:85
101                android:name="com.google.firebase.components:com.google.firebase.storage.StorageRegistrar"
101-->[com.google.firebase:firebase-storage:21.0.1] AndroidManifest.xml:34:17-107
102                android:value="com.google.firebase.components.ComponentRegistrar" />
102-->[com.google.firebase:firebase-storage:21.0.1] AndroidManifest.xml:35:17-82
103            <meta-data
103-->[com.google.firebase:firebase-appcheck:18.0.0] AndroidManifest.xml:25:13-27:85
104                android:name="com.google.firebase.components:com.google.firebase.appcheck.FirebaseAppCheckKtxRegistrar"
104-->[com.google.firebase:firebase-appcheck:18.0.0] AndroidManifest.xml:26:17-120
105                android:value="com.google.firebase.components.ComponentRegistrar" />
105-->[com.google.firebase:firebase-appcheck:18.0.0] AndroidManifest.xml:27:17-82
106            <meta-data
106-->[com.google.firebase:firebase-appcheck:18.0.0] AndroidManifest.xml:28:13-30:85
107                android:name="com.google.firebase.components:com.google.firebase.appcheck.FirebaseAppCheckRegistrar"
107-->[com.google.firebase:firebase-appcheck:18.0.0] AndroidManifest.xml:29:17-117
108                android:value="com.google.firebase.components.ComponentRegistrar" />
108-->[com.google.firebase:firebase-appcheck:18.0.0] AndroidManifest.xml:30:17-82
109            <meta-data
109-->[com.google.firebase:firebase-common-ktx:21.0.0] AndroidManifest.xml:12:13-14:85
110                android:name="com.google.firebase.components:com.google.firebase.ktx.FirebaseCommonLegacyRegistrar"
110-->[com.google.firebase:firebase-common-ktx:21.0.0] AndroidManifest.xml:13:17-116
111                android:value="com.google.firebase.components.ComponentRegistrar" />
111-->[com.google.firebase:firebase-common-ktx:21.0.0] AndroidManifest.xml:14:17-82
112            <meta-data
112-->[com.google.firebase:firebase-common:21.0.0] AndroidManifest.xml:35:13-37:85
113                android:name="com.google.firebase.components:com.google.firebase.FirebaseCommonKtxRegistrar"
113-->[com.google.firebase:firebase-common:21.0.0] AndroidManifest.xml:36:17-109
114                android:value="com.google.firebase.components.ComponentRegistrar" />
114-->[com.google.firebase:firebase-common:21.0.0] AndroidManifest.xml:37:17-82
115        </service>
116
117        <provider
117-->[:image_picker_android] AndroidManifest.xml:9:9-17:20
118            android:name="io.flutter.plugins.imagepicker.ImagePickerFileProvider"
118-->[:image_picker_android] AndroidManifest.xml:10:13-82
119            android:authorities="com.example.animal_rescue_app_new.flutter.image_provider"
119-->[:image_picker_android] AndroidManifest.xml:11:13-74
120            android:exported="false"
120-->[:image_picker_android] AndroidManifest.xml:12:13-37
121            android:grantUriPermissions="true" >
121-->[:image_picker_android] AndroidManifest.xml:13:13-47
122            <meta-data
122-->[:image_picker_android] AndroidManifest.xml:14:13-16:75
123                android:name="android.support.FILE_PROVIDER_PATHS"
123-->[:image_picker_android] AndroidManifest.xml:15:17-67
124                android:resource="@xml/flutter_image_picker_file_paths" />
124-->[:image_picker_android] AndroidManifest.xml:16:17-72
125        </provider> <!-- Trigger Google Play services to install the backported photo picker module. -->
126        <service
126-->[:image_picker_android] AndroidManifest.xml:19:9-31:19
127            android:name="com.google.android.gms.metadata.ModuleDependencies"
127-->[:image_picker_android] AndroidManifest.xml:20:13-78
128            android:enabled="false"
128-->[:image_picker_android] AndroidManifest.xml:21:13-36
129            android:exported="false" >
129-->[:image_picker_android] AndroidManifest.xml:22:13-37
130            <intent-filter>
130-->[:image_picker_android] AndroidManifest.xml:24:13-26:29
131                <action android:name="com.google.android.gms.metadata.MODULE_DEPENDENCIES" />
131-->[:image_picker_android] AndroidManifest.xml:25:17-94
131-->[:image_picker_android] AndroidManifest.xml:25:25-91
132            </intent-filter>
133
134            <meta-data
134-->[:image_picker_android] AndroidManifest.xml:28:13-30:36
135                android:name="photopicker_activity:0:required"
135-->[:image_picker_android] AndroidManifest.xml:29:17-63
136                android:value="" />
136-->[:image_picker_android] AndroidManifest.xml:30:17-33
137        </service>
138
139        <activity
139-->[com.google.android.gms:play-services-base:18.3.0] AndroidManifest.xml:20:9-22:45
140            android:name="com.google.android.gms.common.api.GoogleApiActivity"
140-->[com.google.android.gms:play-services-base:18.3.0] AndroidManifest.xml:20:19-85
141            android:exported="false"
141-->[com.google.android.gms:play-services-base:18.3.0] AndroidManifest.xml:22:19-43
142            android:theme="@android:style/Theme.Translucent.NoTitleBar" />
142-->[com.google.android.gms:play-services-base:18.3.0] AndroidManifest.xml:21:19-78
143
144        <provider
144-->[com.google.firebase:firebase-common:21.0.0] AndroidManifest.xml:23:9-28:39
145            android:name="com.google.firebase.provider.FirebaseInitProvider"
145-->[com.google.firebase:firebase-common:21.0.0] AndroidManifest.xml:24:13-77
146            android:authorities="com.example.animal_rescue_app_new.firebaseinitprovider"
146-->[com.google.firebase:firebase-common:21.0.0] AndroidManifest.xml:25:13-72
147            android:directBootAware="true"
147-->[com.google.firebase:firebase-common:21.0.0] AndroidManifest.xml:26:13-43
148            android:exported="false"
148-->[com.google.firebase:firebase-common:21.0.0] AndroidManifest.xml:27:13-37
149            android:initOrder="100" />
149-->[com.google.firebase:firebase-common:21.0.0] AndroidManifest.xml:28:13-36
150
151        <uses-library
151-->[androidx.window:window:1.2.0] AndroidManifest.xml:23:9-25:40
152            android:name="androidx.window.extensions"
152-->[androidx.window:window:1.2.0] AndroidManifest.xml:24:13-54
153            android:required="false" />
153-->[androidx.window:window:1.2.0] AndroidManifest.xml:25:13-37
154        <uses-library
154-->[androidx.window:window:1.2.0] AndroidManifest.xml:26:9-28:40
155            android:name="androidx.window.sidecar"
155-->[androidx.window:window:1.2.0] AndroidManifest.xml:27:13-51
156            android:required="false" />
156-->[androidx.window:window:1.2.0] AndroidManifest.xml:28:13-37
157
158        <meta-data
158-->[com.google.android.gms:play-services-basement:18.3.0] AndroidManifest.xml:21:9-23:69
159            android:name="com.google.android.gms.version"
159-->[com.google.android.gms:play-services-basement:18.3.0] AndroidManifest.xml:22:13-58
160            android:value="@integer/google_play_services_version" />
160-->[com.google.android.gms:play-services-basement:18.3.0] AndroidManifest.xml:23:13-66
161
162        <provider
162-->[androidx.lifecycle:lifecycle-process:2.7.0] AndroidManifest.xml:24:9-32:20
163            android:name="androidx.startup.InitializationProvider"
163-->[androidx.lifecycle:lifecycle-process:2.7.0] AndroidManifest.xml:25:13-67
164            android:authorities="com.example.animal_rescue_app_new.androidx-startup"
164-->[androidx.lifecycle:lifecycle-process:2.7.0] AndroidManifest.xml:26:13-68
165            android:exported="false" >
165-->[androidx.lifecycle:lifecycle-process:2.7.0] AndroidManifest.xml:27:13-37
166            <meta-data
166-->[androidx.lifecycle:lifecycle-process:2.7.0] AndroidManifest.xml:29:13-31:52
167                android:name="androidx.lifecycle.ProcessLifecycleInitializer"
167-->[androidx.lifecycle:lifecycle-process:2.7.0] AndroidManifest.xml:30:17-78
168                android:value="androidx.startup" />
168-->[androidx.lifecycle:lifecycle-process:2.7.0] AndroidManifest.xml:31:17-49
169            <meta-data
169-->[androidx.profileinstaller:profileinstaller:1.3.1] AndroidManifest.xml:29:13-31:52
170                android:name="androidx.profileinstaller.ProfileInstallerInitializer"
170-->[androidx.profileinstaller:profileinstaller:1.3.1] AndroidManifest.xml:30:17-85
171                android:value="androidx.startup" />
171-->[androidx.profileinstaller:profileinstaller:1.3.1] AndroidManifest.xml:31:17-49
172        </provider>
173
174        <receiver
174-->[androidx.profileinstaller:profileinstaller:1.3.1] AndroidManifest.xml:34:9-52:20
175            android:name="androidx.profileinstaller.ProfileInstallReceiver"
175-->[androidx.profileinstaller:profileinstaller:1.3.1] AndroidManifest.xml:35:13-76
176            android:directBootAware="false"
176-->[androidx.profileinstaller:profileinstaller:1.3.1] AndroidManifest.xml:36:13-44
177            android:enabled="true"
177-->[androidx.profileinstaller:profileinstaller:1.3.1] AndroidManifest.xml:37:13-35
178            android:exported="true"
178-->[androidx.profileinstaller:profileinstaller:1.3.1] AndroidManifest.xml:38:13-36
179            android:permission="android.permission.DUMP" >
179-->[androidx.profileinstaller:profileinstaller:1.3.1] AndroidManifest.xml:39:13-57
180            <intent-filter>
180-->[androidx.profileinstaller:profileinstaller:1.3.1] AndroidManifest.xml:40:13-42:29
181                <action android:name="androidx.profileinstaller.action.INSTALL_PROFILE" />
181-->[androidx.profileinstaller:profileinstaller:1.3.1] AndroidManifest.xml:41:17-91
181-->[androidx.profileinstaller:profileinstaller:1.3.1] AndroidManifest.xml:41:25-88
182            </intent-filter>
183            <intent-filter>
183-->[androidx.profileinstaller:profileinstaller:1.3.1] AndroidManifest.xml:43:13-45:29
184                <action android:name="androidx.profileinstaller.action.SKIP_FILE" />
184-->[androidx.profileinstaller:profileinstaller:1.3.1] AndroidManifest.xml:44:17-85
184-->[androidx.profileinstaller:profileinstaller:1.3.1] AndroidManifest.xml:44:25-82
185            </intent-filter>
186            <intent-filter>
186-->[androidx.profileinstaller:profileinstaller:1.3.1] AndroidManifest.xml:46:13-48:29
187                <action android:name="androidx.profileinstaller.action.SAVE_PROFILE" />
187-->[androidx.profileinstaller:profileinstaller:1.3.1] AndroidManifest.xml:47:17-88
187-->[androidx.profileinstaller:profileinstaller:1.3.1] AndroidManifest.xml:47:25-85
188            </intent-filter>
189            <intent-filter>
189-->[androidx.profileinstaller:profileinstaller:1.3.1] AndroidManifest.xml:49:13-51:29
190                <action android:name="androidx.profileinstaller.action.BENCHMARK_OPERATION" />
190-->[androidx.profileinstaller:profileinstaller:1.3.1] AndroidManifest.xml:50:17-95
190-->[androidx.profileinstaller:profileinstaller:1.3.1] AndroidManifest.xml:50:25-92
191            </intent-filter>
192        </receiver>
193    </application>
194
195</manifest>